<?xml version="1.0" encoding="UTF-8"?>
<!-- Generated by org.testng.reporters.JUnitReportReporter -->
<testsuite hostname="TW-2017-TN029" name="com.todos.tests.AddTodoTest" tests="1" failures="0" timestamp="13 Sep 2020 15:17:00 GMT" time="10.655" errors="0">
  <testcase name="iCanAddTodo" time="10.655" classname="com.todos.tests.AddTodoTest"/>
</testsuite> <!-- com.todos.tests.AddTodoTest -->
